This file contains any messages produced by compilers while
running configure, to aid debugging if configure makes a mistake.

It was created by skeltrack configure 0.1.14, which was
generated by GNU Autoconf 2.69.  Invocation command line was

  $ ./configure 

## --------- ##
## Platform. ##
## --------- ##

hostname = zy-X555LB
uname -m = x86_64
uname -r = 4.13.0-45-generic
uname -s = Linux
uname -v = #50~16.04.1-Ubuntu SMP Wed May 30 11:18:27 UTC 2018

/usr/bin/uname -p = unknown
/bin/uname -X     = unknown

/bin/arch              = unknown
/usr/bin/arch -k       = unknown
/usr/convex/getsysinfo = unknown
/usr/bin/hostinfo      = unknown
/bin/machine           = unknown
/usr/bin/oslevel       = unknown
/bin/universe          = unknown

PATH: /opt/ros/indigo/share/euslisp/jskeus/eus//Linux64/bin
PATH: /opt/ros/indigo/bin
PATH: /opt/ros/indigo/share/euslisp/jskeus/eus//Linux64/bin
PATH: /usr/local/sbin
PATH: /usr/local/bin
PATH: /usr/sbin
PATH: /usr/bin
PATH: /sbin
PATH: /bin
PATH: /home/zy/MATLAB/R2017b/bin


## ----------- ##
## Core tests. ##
## ----------- ##

configure:2265: checking for a BSD-compatible install
configure:2333: result: /usr/bin/install -c
configure:2344: checking whether build environment is sane
configure:2399: result: yes
configure:2550: checking for a thread-safe mkdir -p
configure:2589: result: /bin/mkdir -p
configure:2596: checking for gawk
configure:2626: result: no
configure:2596: checking for mawk
configure:2612: found /usr/bin/mawk
configure:2623: result: mawk
configure:2634: checking whether make sets $(MAKE)
configure:2656: result: yes
configure:2685: checking whether make supports nested variables
configure:2702: result: yes
configure:2873: checking build system type
configure:2887: result: x86_64-pc-linux-gnu
configure:2907: checking host system type
configure:2920: result: x86_64-pc-linux-gnu
configure:2961: checking how to print strings
configure:2988: result: printf
configure:3021: checking for style of include used by make
configure:3049: result: GNU
configure:3120: checking for gcc
configure:3136: found /usr/bin/gcc
configure:3147: result: gcc
configure:3376: checking for C compiler version
configure:3385: gcc --version >&5
gcc (Ubuntu 4.8.4-2ubuntu1~14.04.4) 4.8.4
Copyright (C) 2013 Free Software Foundation, Inc.
This is free software; see the source for copying conditions.  There is NO
warranty; not even for MERCHANTABILITY or FITNESS FOR A PARTICULAR PURPOSE.

configure:3396: $? = 0
configure:3385: gcc -v >&5
Using built-in specs.
COLLECT_GCC=gcc
COLLECT_LTO_WRAPPER=/usr/lib/gcc/x86_64-linux-gnu/4.8/lto-wrapper
Target: x86_64-linux-gnu
Configured with: ../src/configure -v --with-pkgversion='Ubuntu 4.8.4-2ubuntu1~14.04.4' --with-bugurl=file:///usr/share/doc/gcc-4.8/README.Bugs --enable-languages=c,c++,java,go,d,fortran,objc,obj-c++ --prefix=/usr --program-suffix=-4.8 --enable-shared --enable-linker-build-id --libexecdir=/usr/lib --without-included-gettext --enable-threads=posix --with-gxx-include-dir=/usr/include/c++/4.8 --libdir=/usr/lib --enable-nls --with-sysroot=/ --enable-clocale=gnu --enable-libstdcxx-debug --enable-libstdcxx-time=yes --enable-gnu-unique-object --disable-libmudflap --enable-plugin --with-system-zlib --disable-browser-plugin --enable-java-awt=gtk --enable-gtk-cairo --with-java-home=/usr/lib/jvm/java-1.5.0-gcj-4.8-amd64/jre --enable-java-home --with-jvm-root-dir=/usr/lib/jvm/java-1.5.0-gcj-4.8-amd64 --with-jvm-jar-dir=/usr/lib/jvm-exports/java-1.5.0-gcj-4.8-amd64 --with-arch-directory=amd64 --with-ecj-jar=/usr/share/java/eclipse-ecj.jar --enable-objc-gc --enable-multiarch --disable-werror --with-arch-32=i686 --with-abi=m64 --with-multilib-list=m32,m64,mx32 --with-tune=generic --enable-checking=release --build=x86_64-linux-gnu --host=x86_64-linux-gnu --target=x86_64-linux-gnu
Thread model: posix
gcc version 4.8.4 (Ubuntu 4.8.4-2ubuntu1~14.04.4) 
configure:3396: $? = 0
configure:3385: gcc -V >&5
gcc: error: unrecognized command line option '-V'
gcc: fatal error: no input files
compilation terminated.
configure:3396: $? = 4
configure:3385: gcc -qversion >&5
gcc: error: unrecognized command line option '-qversion'
gcc: fatal error: no input files
compilation terminated.
configure:3396: $? = 4
configure:3416: checking whether the C compiler works
configure:3438: gcc    conftest.c  >&5
configure:3442: $? = 0
configure:3490: result: yes
configure:3493: checking for C compiler default output file name
configure:3495: result: a.out
configure:3501: checking for suffix of executables
configure:3508: gcc -o conftest    conftest.c  >&5
configure:3512: $? = 0
configure:3534: result: 
configure:3556: checking whether we are cross compiling
configure:3564: gcc -o conftest    conftest.c  >&5
configure:3568: $? = 0
configure:3575: ./conftest
configure:3579: $? = 0
configure:3594: result: no
configure:3599: checking for suffix of object files
configure:3621: gcc -c   conftest.c >&5
configure:3625: $? = 0
configure:3646: result: o
configure:3650: checking whether we are using the GNU C compiler
configure:3669: gcc -c   conftest.c >&5
configure:3669: $? = 0
configure:3678: result: yes
configure:3687: checking whether gcc accepts -g
configure:3707: gcc -c -g  conftest.c >&5
configure:3707: $? = 0
configure:3748: result: yes
configure:3765: checking for gcc option to accept ISO C89
configure:3828: gcc  -c -g -O2  conftest.c >&5
configure:3828: $? = 0
configure:3841: result: none needed
configure:3866: checking whether gcc understands -c and -o together
configure:3888: gcc -c conftest.c -o conftest2.o
configure:3891: $? = 0
configure:3888: gcc -c conftest.c -o conftest2.o
configure:3891: $? = 0
configure:3903: result: yes
configure:3922: checking dependency style of gcc
configure:4033: result: gcc3
configure:4048: checking for a sed that does not truncate output
configure:4112: result: /bin/sed
configure:4130: checking for grep that handles long lines and -e
configure:4188: result: /bin/grep
configure:4193: checking for egrep
configure:4255: result: /bin/grep -E
configure:4260: checking for fgrep
configure:4322: result: /bin/grep -F
configure:4357: checking for ld used by gcc
configure:4424: result: /usr/bin/ld
configure:4431: checking if the linker (/usr/bin/ld) is GNU ld
configure:4446: result: yes
configure:4458: checking for BSD- or MS-compatible name lister (nm)
configure:4512: result: /usr/bin/nm -B
configure:4642: checking the name lister (/usr/bin/nm -B) interface
configure:4649: gcc -c -g -O2  conftest.c >&5
configure:4652: /usr/bin/nm -B "conftest.o"
configure:4655: output
0000000000000000 B some_variable
configure:4662: result: BSD nm
configure:4665: checking whether ln -s works
configure:4669: result: yes
configure:4677: checking the maximum length of command line arguments
configure:4808: result: 1572864
configure:4856: checking how to convert x86_64-pc-linux-gnu file names to x86_64-pc-linux-gnu format
configure:4896: result: func_convert_file_noop
configure:4903: checking how to convert x86_64-pc-linux-gnu file names to toolchain format
configure:4923: result: func_convert_file_noop
configure:4930: checking for /usr/bin/ld option to reload object files
configure:4937: result: -r
configure:5011: checking for objdump
configure:5027: found /usr/bin/objdump
configure:5038: result: objdump
configure:5070: checking how to recognize dependent libraries
configure:5270: result: pass_all
configure:5355: checking for dlltool
configure:5385: result: no
configure:5415: checking how to associate runtime and link libraries
configure:5442: result: printf %s\n
configure:5503: checking for ar
configure:5519: found /usr/bin/ar
configure:5530: result: ar
configure:5567: checking for archiver @FILE support
configure:5584: gcc -c -g -O2  conftest.c >&5
configure:5584: $? = 0
configure:5587: ar cru libconftest.a @conftest.lst >&5
configure:5590: $? = 0
configure:5595: ar cru libconftest.a @conftest.lst >&5
ar: conftest.o: No such file or directory
configure:5598: $? = 1
configure:5610: result: @
configure:5668: checking for strip
configure:5684: found /usr/bin/strip
configure:5695: result: strip
configure:5767: checking for ranlib
configure:5783: found /usr/bin/ranlib
configure:5794: result: ranlib
configure:5896: checking command to parse /usr/bin/nm -B output from gcc object
configure:6049: gcc -c -g -O2  conftest.c >&5
configure:6052: $? = 0
configure:6056: /usr/bin/nm -B conftest.o \| sed -n -e 's/^.*[ ]\([ABCDGIRSTW][ABCDGIRSTW]*\)[ ][ ]*\([_A-Za-z][_A-Za-z0-9]*\)$/\1 \2 \2/p' | sed '/ __gnu_lto/d' \> conftest.nm
configure:6059: $? = 0
configure:6125: gcc -o conftest -g -O2   conftest.c conftstm.o >&5
configure:6128: $? = 0
configure:6166: result: ok
configure:6213: checking for sysroot
configure:6243: result: no
configure:6250: checking for a working dd
configure:6288: result: /bin/dd
configure:6292: checking how to truncate binary pipes
configure:6307: result: /bin/dd bs=4096 count=1
configure:6443: gcc -c -g -O2  conftest.c >&5
configure:6446: $? = 0
configure:6636: checking for mt
configure:6652: found /bin/mt
configure:6663: result: mt
configure:6686: checking if mt is a manifest tool
configure:6692: mt '-?'
configure:6700: result: no
configure:7377: checking how to run the C preprocessor
configure:7408: gcc -E  conftest.c
configure:7408: $? = 0
configure:7422: gcc -E  conftest.c
conftest.c:11:28: fatal error: ac_nonexistent.h: No such file or directory
 #include <ac_nonexistent.h>
                            ^
compilation terminated.
configure:7422: $? = 1
configure: failed program was:
| /* confdefs.h */
| #define PACKAGE_NAME "skeltrack"
| #define PACKAGE_TARNAME "skeltrack"
| #define PACKAGE_VERSION "0.1.14"
| #define PACKAGE_STRING "skeltrack 0.1.14"
| #define PACKAGE_BUGREPORT "http://labs.igalia.com/skeltrack"
| #define PACKAGE_URL ""
| #define PACKAGE "skeltrack"
| #define VERSION "0.1.14"
| /* end confdefs.h.  */
| #include <ac_nonexistent.h>
configure:7447: result: gcc -E
configure:7467: gcc -E  conftest.c
configure:7467: $? = 0
configure:7481: gcc -E  conftest.c
conftest.c:11:28: fatal error: ac_nonexistent.h: No such file or directory
 #include <ac_nonexistent.h>
                            ^
compilation terminated.
configure:7481: $? = 1
configure: failed program was:
| /* confdefs.h */
| #define PACKAGE_NAME "skeltrack"
| #define PACKAGE_TARNAME "skeltrack"
| #define PACKAGE_VERSION "0.1.14"
| #define PACKAGE_STRING "skeltrack 0.1.14"
| #define PACKAGE_BUGREPORT "http://labs.igalia.com/skeltrack"
| #define PACKAGE_URL ""
| #define PACKAGE "skeltrack"
| #define VERSION "0.1.14"
| /* end confdefs.h.  */
| #include <ac_nonexistent.h>
configure:7510: checking for ANSI C header files
configure:7530: gcc -c -g -O2  conftest.c >&5
configure:7530: $? = 0
configure:7603: gcc -o conftest -g -O2   conftest.c  >&5
configure:7603: $? = 0
configure:7603: ./conftest
configure:7603: $? = 0
configure:7614: result: yes
configure:7627: checking for sys/types.h
configure:7627: gcc -c -g -O2  conftest.c >&5
configure:7627: $? = 0
configure:7627: result: yes
configure:7627: checking for sys/stat.h
configure:7627: gcc -c -g -O2  conftest.c >&5
configure:7627: $? = 0
configure:7627: result: yes
configure:7627: checking for stdlib.h
configure:7627: gcc -c -g -O2  conftest.c >&5
configure:7627: $? = 0
configure:7627: result: yes
configure:7627: checking for string.h
configure:7627: gcc -c -g -O2  conftest.c >&5
configure:7627: $? = 0
configure:7627: result: yes
configure:7627: checking for memory.h
configure:7627: gcc -c -g -O2  conftest.c >&5
configure:7627: $? = 0
configure:7627: result: yes
configure:7627: checking for strings.h
configure:7627: gcc -c -g -O2  conftest.c >&5
configure:7627: $? = 0
configure:7627: result: yes
configure:7627: checking for inttypes.h
configure:7627: gcc -c -g -O2  conftest.c >&5
configure:7627: $? = 0
configure:7627: result: yes
configure:7627: checking for stdint.h
configure:7627: gcc -c -g -O2  conftest.c >&5
configure:7627: $? = 0
configure:7627: result: yes
configure:7627: checking for unistd.h
configure:7627: gcc -c -g -O2  conftest.c >&5
configure:7627: $? = 0
configure:7627: result: yes
configure:7641: checking for dlfcn.h
configure:7641: gcc -c -g -O2  conftest.c >&5
configure:7641: $? = 0
configure:7641: result: yes
configure:7897: checking for objdir
configure:7912: result: .libs
configure:8176: checking if gcc supports -fno-rtti -fno-exceptions
configure:8194: gcc -c -g -O2  -fno-rtti -fno-exceptions conftest.c >&5
cc1: warning: command line option '-fno-rtti' is valid for C++/ObjC++ but not for C [enabled by default]
configure:8198: $? = 0
configure:8211: result: no
configure:8569: checking for gcc option to produce PIC
configure:8576: result: -fPIC -DPIC
configure:8584: checking if gcc PIC flag -fPIC -DPIC works
configure:8602: gcc -c -g -O2  -fPIC -DPIC -DPIC conftest.c >&5
configure:8606: $? = 0
configure:8619: result: yes
configure:8648: checking if gcc static flag -static works
configure:8676: result: yes
configure:8691: checking if gcc supports -c -o file.o
configure:8712: gcc -c -g -O2  -o out/conftest2.o conftest.c >&5
configure:8716: $? = 0
configure:8738: result: yes
configure:8746: checking if gcc supports -c -o file.o
configure:8793: result: yes
configure:8826: checking whether the gcc linker (/usr/bin/ld -m elf_x86_64) supports shared libraries
configure:10089: result: yes
configure:10126: checking whether -lc should be explicitly linked in
configure:10134: gcc -c -g -O2  conftest.c >&5
configure:10137: $? = 0
configure:10152: gcc -shared  -fPIC -DPIC conftest.o  -v -Wl,-soname -Wl,conftest -o conftest 2\>\&1 \| /bin/grep  -lc  \>/dev/null 2\>\&1
configure:10155: $? = 0
configure:10169: result: no
configure:10329: checking dynamic linker characteristics
configure:10910: gcc -o conftest -g -O2   -Wl,-rpath -Wl,/foo conftest.c  >&5
configure:10910: $? = 0
configure:11159: result: GNU/Linux ld.so
configure:11281: checking how to hardcode library paths into programs
configure:11306: result: immediate
configure:11854: checking whether stripping libraries is possible
configure:11859: result: yes
configure:11894: checking if libtool supports shared libraries
configure:11896: result: yes
configure:11899: checking whether to build shared libraries
configure:11924: result: yes
configure:11927: checking whether to build static libraries
configure:11931: result: yes
configure:12016: checking for gcc
configure:12043: result: gcc
configure:12272: checking for C compiler version
configure:12281: gcc --version >&5
gcc (Ubuntu 4.8.4-2ubuntu1~14.04.4) 4.8.4
Copyright (C) 2013 Free Software Foundation, Inc.
This is free software; see the source for copying conditions.  There is NO
warranty; not even for MERCHANTABILITY or FITNESS FOR A PARTICULAR PURPOSE.

configure:12292: $? = 0
configure:12281: gcc -v >&5
Using built-in specs.
COLLECT_GCC=gcc
COLLECT_LTO_WRAPPER=/usr/lib/gcc/x86_64-linux-gnu/4.8/lto-wrapper
Target: x86_64-linux-gnu
Configured with: ../src/configure -v --with-pkgversion='Ubuntu 4.8.4-2ubuntu1~14.04.4' --with-bugurl=file:///usr/share/doc/gcc-4.8/README.Bugs --enable-languages=c,c++,java,go,d,fortran,objc,obj-c++ --prefix=/usr --program-suffix=-4.8 --enable-shared --enable-linker-build-id --libexecdir=/usr/lib --without-included-gettext --enable-threads=posix --with-gxx-include-dir=/usr/include/c++/4.8 --libdir=/usr/lib --enable-nls --with-sysroot=/ --enable-clocale=gnu --enable-libstdcxx-debug --enable-libstdcxx-time=yes --enable-gnu-unique-object --disable-libmudflap --enable-plugin --with-system-zlib --disable-browser-plugin --enable-java-awt=gtk --enable-gtk-cairo --with-java-home=/usr/lib/jvm/java-1.5.0-gcj-4.8-amd64/jre --enable-java-home --with-jvm-root-dir=/usr/lib/jvm/java-1.5.0-gcj-4.8-amd64 --with-jvm-jar-dir=/usr/lib/jvm-exports/java-1.5.0-gcj-4.8-amd64 --with-arch-directory=amd64 --with-ecj-jar=/usr/share/java/eclipse-ecj.jar --enable-objc-gc --enable-multiarch --disable-werror --with-arch-32=i686 --with-abi=m64 --with-multilib-list=m32,m64,mx32 --with-tune=generic --enable-checking=release --build=x86_64-linux-gnu --host=x86_64-linux-gnu --target=x86_64-linux-gnu
Thread model: posix
gcc version 4.8.4 (Ubuntu 4.8.4-2ubuntu1~14.04.4) 
configure:12292: $? = 0
configure:12281: gcc -V >&5
gcc: error: unrecognized command line option '-V'
gcc: fatal error: no input files
compilation terminated.
configure:12292: $? = 4
configure:12281: gcc -qversion >&5
gcc: error: unrecognized command line option '-qversion'
gcc: fatal error: no input files
compilation terminated.
configure:12292: $? = 4
configure:12296: checking whether we are using the GNU C compiler
configure:12324: result: yes
configure:12333: checking whether gcc accepts -g
configure:12394: result: yes
configure:12411: checking for gcc option to accept ISO C89
configure:12487: result: none needed
configure:12512: checking whether gcc understands -c and -o together
configure:12549: result: yes
configure:12568: checking dependency style of gcc
configure:12679: result: gcc3
configure:12752: checking for pkg-config
configure:12770: found /usr/bin/pkg-config
configure:12782: result: /usr/bin/pkg-config
configure:12807: checking pkg-config is at least version 0.9.0
configure:12810: result: yes
configure:12824: checking for GLIB
configure:12834: $PKG_CONFIG --exists --print-errors "gio-2.0 >= $GLIB_REQUIRED
		        glib-2.0 >= $GLIB_REQUIRED
		        gthread-2.0 >= $GLIB_REQUIRED
		        gobject-2.0 >= $GLIB_REQUIRED"
configure:12840: $? = 0
configure:12860: $PKG_CONFIG --exists --print-errors "gio-2.0 >= $GLIB_REQUIRED
		        glib-2.0 >= $GLIB_REQUIRED
		        gthread-2.0 >= $GLIB_REQUIRED
		        gobject-2.0 >= $GLIB_REQUIRED"
configure:12866: $? = 0
configure:12936: result: yes
configure:12956: checking for EXAMPLES_DEPS
configure:12965: $PKG_CONFIG --exists --print-errors "gfreenect-0.1 >= GFREENECT_REQUIRED
                                 clutter-1.0 >= CLUTTER_REQUIRED
                                 cairo >= CAIRO_REQUIRED"
Package gfreenect-0.1 was not found in the pkg-config search path.
Perhaps you should add the directory containing `gfreenect-0.1.pc'
to the PKG_CONFIG_PATH environment variable
No package 'gfreenect-0.1' found
configure:12970: $? = 1
configure:12988: $PKG_CONFIG --exists --print-errors "gfreenect-0.1 >= GFREENECT_REQUIRED
                                 clutter-1.0 >= CLUTTER_REQUIRED
                                 cairo >= CAIRO_REQUIRED"
Package gfreenect-0.1 was not found in the pkg-config search path.
Perhaps you should add the directory containing `gfreenect-0.1.pc'
to the PKG_CONFIG_PATH environment variable
No package 'gfreenect-0.1' found
configure:12993: $? = 1
configure:13009: result: no
No package 'gfreenect-0.1' found
configure:13063: checking for gobject-introspection
configure:13094: $PKG_CONFIG --exists --print-errors "gobject-introspection-1.0 >= 0.6.7"
Package gobject-introspection-1.0 was not found in the pkg-config search path.
Perhaps you should add the directory containing `gobject-introspection-1.0.pc'
to the PKG_CONFIG_PATH environment variable
No package 'gobject-introspection-1.0' found
configure:13097: $? = 1
configure:13109: result: no
configure:13162: checking for gtk-doc
configure:13165: $PKG_CONFIG --exists --print-errors "$gtk_doc_requires"
configure:13168: $? = 0
configure:13174: result: yes
configure:13188: checking for gtkdoc-check
configure:13204: found /usr/bin/gtkdoc-check
configure:13215: result: gtkdoc-check.test
configure:13225: checking for gtkdoc-check
configure:13243: found /usr/bin/gtkdoc-check
configure:13255: result: /usr/bin/gtkdoc-check
configure:13267: checking for gtkdoc-rebase
configure:13285: found /usr/bin/gtkdoc-rebase
configure:13297: result: /usr/bin/gtkdoc-rebase
configure:13311: checking for gtkdoc-mkpdf
configure:13329: found /usr/bin/gtkdoc-mkpdf
configure:13341: result: /usr/bin/gtkdoc-mkpdf
configure:13369: checking whether to build gtk-doc documentation
configure:13371: result: no
configure:13384: checking for GTKDOC_DEPS
configure:13391: $PKG_CONFIG --exists --print-errors "glib-2.0 >= 2.10.0 gobject-2.0  >= 2.10.0"
configure:13394: $? = 0
configure:13408: $PKG_CONFIG --exists --print-errors "glib-2.0 >= 2.10.0 gobject-2.0  >= 2.10.0"
configure:13411: $? = 0
configure:13449: result: yes
configure:13549: checking whether make supports nested variables
configure:13566: result: yes
configure:13726: checking that generated files are newer than configure
configure:13732: result: done
configure:13803: creating ./config.status

## ---------------------- ##
## Running config.status. ##
## ---------------------- ##

This file was extended by skeltrack config.status 0.1.14, which was
generated by GNU Autoconf 2.69.  Invocation command line was

  CONFIG_FILES    = 
  CONFIG_HEADERS  = 
  CONFIG_LINKS    = 
  CONFIG_COMMANDS = 
  $ ./config.status 

on zy-X555LB

config.status:1140: creating Makefile
config.status:1140: creating skeltrack/Makefile
config.status:1140: creating skeltrack/skeltrack-0.1.pc
config.status:1140: creating doc/Makefile
config.status:1140: creating doc/reference/Makefile
config.status:1140: creating examples/Makefile
config.status:1140: creating tests/Makefile
config.status:1140: creating config.h
config.status:1321: config.h is unchanged
config.status:1369: executing depfiles commands
config.status:1369: executing libtool commands

## ---------------- ##
## Cache variables. ##
## ---------------- ##

ac_cv_build=x86_64-pc-linux-gnu
ac_cv_c_compiler_gnu=yes
ac_cv_env_CC_set=
ac_cv_env_CC_value=
ac_cv_env_CFLAGS_set=
ac_cv_env_CFLAGS_value=
ac_cv_env_CPPFLAGS_set=
ac_cv_env_CPPFLAGS_value=
ac_cv_env_CPP_set=
ac_cv_env_CPP_value=
ac_cv_env_EXAMPLES_DEPS_CFLAGS_set=
ac_cv_env_EXAMPLES_DEPS_CFLAGS_value=
ac_cv_env_EXAMPLES_DEPS_LIBS_set=
ac_cv_env_EXAMPLES_DEPS_LIBS_value=
ac_cv_env_GLIB_CFLAGS_set=
ac_cv_env_GLIB_CFLAGS_value=
ac_cv_env_GLIB_LIBS_set=
ac_cv_env_GLIB_LIBS_value=
ac_cv_env_GTKDOC_DEPS_CFLAGS_set=
ac_cv_env_GTKDOC_DEPS_CFLAGS_value=
ac_cv_env_GTKDOC_DEPS_LIBS_set=
ac_cv_env_GTKDOC_DEPS_LIBS_value=
ac_cv_env_LDFLAGS_set=
ac_cv_env_LDFLAGS_value=
ac_cv_env_LIBS_set=
ac_cv_env_LIBS_value=
ac_cv_env_LT_SYS_LIBRARY_PATH_set=
ac_cv_env_LT_SYS_LIBRARY_PATH_value=
ac_cv_env_PKG_CONFIG_LIBDIR_set=
ac_cv_env_PKG_CONFIG_LIBDIR_value=
ac_cv_env_PKG_CONFIG_PATH_set=set
ac_cv_env_PKG_CONFIG_PATH_value=/opt/ros/indigo/lib/pkgconfig:/opt/ros/indigo/lib/x86_64-linux-gnu/pkgconfig
ac_cv_env_PKG_CONFIG_set=
ac_cv_env_PKG_CONFIG_value=
ac_cv_env_build_alias_set=
ac_cv_env_build_alias_value=
ac_cv_env_host_alias_set=
ac_cv_env_host_alias_value=
ac_cv_env_target_alias_set=
ac_cv_env_target_alias_value=
ac_cv_header_dlfcn_h=yes
ac_cv_header_inttypes_h=yes
ac_cv_header_memory_h=yes
ac_cv_header_stdc=yes
ac_cv_header_stdint_h=yes
ac_cv_header_stdlib_h=yes
ac_cv_header_string_h=yes
ac_cv_header_strings_h=yes
ac_cv_header_sys_stat_h=yes
ac_cv_header_sys_types_h=yes
ac_cv_header_unistd_h=yes
ac_cv_host=x86_64-pc-linux-gnu
ac_cv_objext=o
ac_cv_path_EGREP='/bin/grep -E'
ac_cv_path_FGREP='/bin/grep -F'
ac_cv_path_GREP=/bin/grep
ac_cv_path_GTKDOC_CHECK_PATH=/usr/bin/gtkdoc-check
ac_cv_path_GTKDOC_MKPDF=/usr/bin/gtkdoc-mkpdf
ac_cv_path_GTKDOC_REBASE=/usr/bin/gtkdoc-rebase
ac_cv_path_SED=/bin/sed
ac_cv_path_ac_pt_PKG_CONFIG=/usr/bin/pkg-config
ac_cv_path_install='/usr/bin/install -c'
ac_cv_path_lt_DD=/bin/dd
ac_cv_path_mkdir=/bin/mkdir
ac_cv_prog_AWK=mawk
ac_cv_prog_CPP='gcc -E'
ac_cv_prog_GTKDOC_CHECK=gtkdoc-check.test
ac_cv_prog_ac_ct_AR=ar
ac_cv_prog_ac_ct_CC=gcc
ac_cv_prog_ac_ct_MANIFEST_TOOL=mt
ac_cv_prog_ac_ct_OBJDUMP=objdump
ac_cv_prog_ac_ct_RANLIB=ranlib
ac_cv_prog_ac_ct_STRIP=strip
ac_cv_prog_cc_c89=
ac_cv_prog_cc_g=yes
ac_cv_prog_make_make_set=yes
am_cv_CC_dependencies_compiler_type=gcc3
am_cv_make_support_nested_variables=yes
am_cv_prog_cc_c_o=yes
lt_cv_ar_at_file=@
lt_cv_archive_cmds_need_lc=no
lt_cv_deplibs_check_method=pass_all
lt_cv_file_magic_cmd='$MAGIC_CMD'
lt_cv_file_magic_test_file=
lt_cv_ld_reload_flag=-r
lt_cv_nm_interface='BSD nm'
lt_cv_objdir=.libs
lt_cv_path_LD=/usr/bin/ld
lt_cv_path_NM='/usr/bin/nm -B'
lt_cv_path_mainfest_tool=no
lt_cv_prog_compiler_c_o=yes
lt_cv_prog_compiler_pic='-fPIC -DPIC'
lt_cv_prog_compiler_pic_works=yes
lt_cv_prog_compiler_rtti_exceptions=no
lt_cv_prog_compiler_static_works=yes
lt_cv_prog_gnu_ld=yes
lt_cv_sharedlib_from_linklib_cmd='printf %s\n'
lt_cv_shlibpath_overrides_runpath=no
lt_cv_sys_global_symbol_pipe='sed -n -e '\''s/^.*[	 ]\([ABCDGIRSTW][ABCDGIRSTW]*\)[	 ][	 ]*\([_A-Za-z][_A-Za-z0-9]*\)$/\1 \2 \2/p'\'' | sed '\''/ __gnu_lto/d'\'''
lt_cv_sys_global_symbol_to_c_name_address='sed -n -e '\''s/^: \(.*\) .*$/  {"\1", (void *) 0},/p'\'' -e '\''s/^[ABCDGIRSTW][ABCDGIRSTW]* .* \(.*\)$/  {"\1", (void *) \&\1},/p'\'''
lt_cv_sys_global_symbol_to_c_name_address_lib_prefix='sed -n -e '\''s/^: \(.*\) .*$/  {"\1", (void *) 0},/p'\'' -e '\''s/^[ABCDGIRSTW][ABCDGIRSTW]* .* \(lib.*\)$/  {"\1", (void *) \&\1},/p'\'' -e '\''s/^[ABCDGIRSTW][ABCDGIRSTW]* .* \(.*\)$/  {"lib\1", (void *) \&\1},/p'\'''
lt_cv_sys_global_symbol_to_cdecl='sed -n -e '\''s/^T .* \(.*\)$/extern int \1();/p'\'' -e '\''s/^[ABCDGIRSTW][ABCDGIRSTW]* .* \(.*\)$/extern char \1;/p'\'''
lt_cv_sys_global_symbol_to_import=
lt_cv_sys_max_cmd_len=1572864
lt_cv_to_host_file_cmd=func_convert_file_noop
lt_cv_to_tool_file_cmd=func_convert_file_noop
lt_cv_truncate_bin='/bin/dd bs=4096 count=1'
pkg_cv_GLIB_CFLAGS='-pthread -I/usr/include/glib-2.0 -I/usr/lib/x86_64-linux-gnu/glib-2.0/include  '
pkg_cv_GLIB_LIBS='-pthread -lgio-2.0 -lgthread-2.0 -lgobject-2.0 -lglib-2.0  '
pkg_cv_GTKDOC_DEPS_CFLAGS='-I/usr/include/glib-2.0 -I/usr/lib/x86_64-linux-gnu/glib-2.0/include  '
pkg_cv_GTKDOC_DEPS_LIBS='-lgobject-2.0 -lglib-2.0  '

## ----------------- ##
## Output variables. ##
## ----------------- ##

ACLOCAL='${SHELL} /home/zy/Documents/SummerResearch/kinect/Skeltrack/missing aclocal-1.14'
AMDEPBACKSLASH='\'
AMDEP_FALSE='#'
AMDEP_TRUE=''
AMTAR='$${TAR-tar}'
AM_BACKSLASH='\'
AM_DEFAULT_V='$(AM_DEFAULT_VERBOSITY)'
AM_DEFAULT_VERBOSITY='0'
AM_V='$(V)'
AR='ar'
AUTOCONF='${SHELL} /home/zy/Documents/SummerResearch/kinect/Skeltrack/missing autoconf'
AUTOHEADER='${SHELL} /home/zy/Documents/SummerResearch/kinect/Skeltrack/missing autoheader'
AUTOMAKE='${SHELL} /home/zy/Documents/SummerResearch/kinect/Skeltrack/missing automake-1.14'
AWK='mawk'
BUILD_GTK_DOC_FALSE=''
BUILD_GTK_DOC_TRUE='#'
CC='gcc'
CCDEPMODE='depmode=gcc3'
CFLAGS='-g -O2'
CPP='gcc -E'
CPPFLAGS=''
CYGPATH_W='echo'
DEFS='-DHAVE_CONFIG_H'
DEPDIR='.deps'
DLLTOOL='false'
DSYMUTIL=''
DUMPBIN=''
ECHO_C=''
ECHO_N='-n'
ECHO_T=''
EGREP='/bin/grep -E'
ENABLE_DEBUG_FALSE=''
ENABLE_DEBUG_TRUE='#'
ENABLE_EXAMPLES_FALSE=''
ENABLE_EXAMPLES_TRUE='#'
ENABLE_GTK_DOC_FALSE=''
ENABLE_GTK_DOC_TRUE='#'
ENABLE_TESTS_FALSE='#'
ENABLE_TESTS_TRUE=''
EXAMPLES_DEPS_CFLAGS=''
EXAMPLES_DEPS_LIBS=''
EXEEXT=''
FGREP='/bin/grep -F'
GLIB_CFLAGS='-pthread -I/usr/include/glib-2.0 -I/usr/lib/x86_64-linux-gnu/glib-2.0/include  '
GLIB_LIBS='-pthread -lgio-2.0 -lgthread-2.0 -lgobject-2.0 -lglib-2.0  '
GREP='/bin/grep'
GTKDOC_CHECK='gtkdoc-check.test'
GTKDOC_CHECK_PATH='/usr/bin/gtkdoc-check'
GTKDOC_DEPS_CFLAGS='-I/usr/include/glib-2.0 -I/usr/lib/x86_64-linux-gnu/glib-2.0/include  '
GTKDOC_DEPS_LIBS='-lgobject-2.0 -lglib-2.0  '
GTKDOC_MKPDF='/usr/bin/gtkdoc-mkpdf'
GTKDOC_REBASE='/usr/bin/gtkdoc-rebase'
GTK_DOC_BUILD_HTML_FALSE='#'
GTK_DOC_BUILD_HTML_TRUE=''
GTK_DOC_BUILD_PDF_FALSE=''
GTK_DOC_BUILD_PDF_TRUE='#'
GTK_DOC_USE_LIBTOOL_FALSE='#'
GTK_DOC_USE_LIBTOOL_TRUE=''
GTK_DOC_USE_REBASE_FALSE='#'
GTK_DOC_USE_REBASE_TRUE=''
HAVE_GTK_DOC_FALSE='#'
HAVE_GTK_DOC_TRUE=''
HAVE_INTROSPECTION_FALSE=''
HAVE_INTROSPECTION_TRUE='#'
HTML_DIR='${datadir}/gtk-doc/html'
INSTALL_DATA='${INSTALL} -m 644'
INSTALL_PROGRAM='${INSTALL}'
INSTALL_SCRIPT='${INSTALL}'
INSTALL_STRIP_PROGRAM='$(install_sh) -c -s'
INTROSPECTION_CFLAGS=''
INTROSPECTION_COMPILER=''
INTROSPECTION_GENERATE=''
INTROSPECTION_GIRDIR=''
INTROSPECTION_LIBS=''
INTROSPECTION_MAKEFILE=''
INTROSPECTION_SCANNER=''
INTROSPECTION_TYPELIBDIR=''
LD='/usr/bin/ld -m elf_x86_64'
LDFLAGS=''
LIBOBJS=''
LIBS=''
LIBTOOL='$(SHELL) $(top_builddir)/libtool'
LIPO=''
LN_S='ln -s'
LTLIBOBJS=''
LT_SYS_LIBRARY_PATH=''
MAKEINFO='${SHELL} /home/zy/Documents/SummerResearch/kinect/Skeltrack/missing makeinfo'
MANIFEST_TOOL=':'
MKDIR_P='/bin/mkdir -p'
NM='/usr/bin/nm -B'
NMEDIT=''
OBJDUMP='objdump'
OBJEXT='o'
OTOOL64=''
OTOOL=''
PACKAGE='skeltrack'
PACKAGE_BUGREPORT='http://labs.igalia.com/skeltrack'
PACKAGE_NAME='skeltrack'
PACKAGE_STRING='skeltrack 0.1.14'
PACKAGE_TARNAME='skeltrack'
PACKAGE_URL=''
PACKAGE_VERSION='0.1.14'
PATH_SEPARATOR=':'
PKG_CONFIG='/usr/bin/pkg-config'
PKG_CONFIG_LIBDIR=''
PKG_CONFIG_PATH='/opt/ros/indigo/lib/pkgconfig:/opt/ros/indigo/lib/x86_64-linux-gnu/pkgconfig'
PRJ_API_NAME='skeltrack-0.1'
PRJ_API_VERSION='0.1'
PRJ_GIR_API_NAME=''
PRJ_GIR_NAMESPACE=''
PRJ_GIR_TARGET_NAME=''
PRJ_NAME='skeltrack'
PRJ_VERSION='0.1.14'
RANLIB='ranlib'
SED='/bin/sed'
SET_MAKE=''
SHELL='/bin/bash'
STRIP='strip'
VERSION='0.1.14'
ac_ct_AR='ar'
ac_ct_CC='gcc'
ac_ct_DUMPBIN=''
am__EXEEXT_FALSE=''
am__EXEEXT_TRUE='#'
am__fastdepCC_FALSE='#'
am__fastdepCC_TRUE=''
am__include='include'
am__isrc=''
am__leading_dot='.'
am__nodep='_no'
am__quote=''
am__tar='$${TAR-tar} chof - "$$tardir"'
am__untar='$${TAR-tar} xf -'
bindir='${exec_prefix}/bin'
build='x86_64-pc-linux-gnu'
build_alias=''
build_cpu='x86_64'
build_os='linux-gnu'
build_vendor='pc'
datadir='${datarootdir}'
datarootdir='${prefix}/share'
docdir='${datarootdir}/doc/${PACKAGE_TARNAME}'
dvidir='${docdir}'
exec_prefix='${prefix}'
host='x86_64-pc-linux-gnu'
host_alias=''
host_cpu='x86_64'
host_os='linux-gnu'
host_vendor='pc'
htmldir='${docdir}'
includedir='${prefix}/include'
infodir='${datarootdir}/info'
install_sh='${SHELL} /home/zy/Documents/SummerResearch/kinect/Skeltrack/install-sh'
libdir='${exec_prefix}/lib'
libexecdir='${exec_prefix}/libexec'
localedir='${datarootdir}/locale'
localstatedir='${prefix}/var'
mandir='${datarootdir}/man'
mkdir_p='$(MKDIR_P)'
oldincludedir='/usr/include'
pdfdir='${docdir}'
prefix='/usr/local'
program_transform_name='s,x,x,'
psdir='${docdir}'
sbindir='${exec_prefix}/sbin'
sharedstatedir='${prefix}/com'
sysconfdir='${prefix}/etc'
target_alias=''

## ----------- ##
## confdefs.h. ##
## ----------- ##

/* confdefs.h */
#define PACKAGE_NAME "skeltrack"
#define PACKAGE_TARNAME "skeltrack"
#define PACKAGE_VERSION "0.1.14"
#define PACKAGE_STRING "skeltrack 0.1.14"
#define PACKAGE_BUGREPORT "http://labs.igalia.com/skeltrack"
#define PACKAGE_URL ""
#define PACKAGE "skeltrack"
#define VERSION "0.1.14"
#define STDC_HEADERS 1
#define HAVE_SYS_TYPES_H 1
#define HAVE_SYS_STAT_H 1
#define HAVE_STDLIB_H 1
#define HAVE_STRING_H 1
#define HAVE_MEMORY_H 1
#define HAVE_STRINGS_H 1
#define HAVE_INTTYPES_H 1
#define HAVE_STDINT_H 1
#define HAVE_UNISTD_H 1
#define HAVE_DLFCN_H 1
#define LT_OBJDIR ".libs/"

configure: exit 0

## ---------------------- ##
## Running config.status. ##
## ---------------------- ##

This file was extended by skeltrack config.status 0.1.14, which was
generated by GNU Autoconf 2.69.  Invocation command line was

  CONFIG_FILES    = 
  CONFIG_HEADERS  = 
  CONFIG_LINKS    = 
  CONFIG_COMMANDS = 
  $ ./config.status Makefile

on zy-X555LB

config.status:1140: creating Makefile

## ---------------------- ##
## Running config.status. ##
## ---------------------- ##

This file was extended by skeltrack config.status 0.1.14, which was
generated by GNU Autoconf 2.69.  Invocation command line was

  CONFIG_FILES    = 
  CONFIG_HEADERS  = 
  CONFIG_LINKS    = 
  CONFIG_COMMANDS = 
  $ ./config.status config.h

on zy-X555LB

config.status:1140: creating config.h
config.status:1321: config.h is unchanged

## ---------------------- ##
## Running config.status. ##
## ---------------------- ##

This file was extended by skeltrack config.status 0.1.14, which was
generated by GNU Autoconf 2.69.  Invocation command line was

  CONFIG_FILES    = 
  CONFIG_HEADERS  = 
  CONFIG_LINKS    = 
  CONFIG_COMMANDS = 
  $ ./config.status tests/Makefile depfiles

on zy-X555LB

config.status:1140: creating tests/Makefile
config.status:1369: executing depfiles commands
